<?xml version="1.0" encoding="UTF-8"?><testsuite errors="0" failures="0" name="b25.spartan.editor.SpartanEditorPostTest" skipped="1" tests="11" time="1.95" timestamp="2022-05-12 10:33:09"><testcase classname="b25.spartan.editor.SpartanEditorPostTest" name="Editor should be able to POST"><skipped/></testcase><testcase classname="b25.spartan.editor.SpartanEditorPostTest" name="POST Spartan 1 - name"/><testcase classname="b25.spartan.editor.SpartanEditorPostTest" name="POST Spartan 2 - name"/><testcase classname="b25.spartan.editor.SpartanEditorPostTest" name="POST Spartan 3 - name"/><testcase classname="b25.spartan.editor.SpartanEditorPostTest" name="POST Spartan 4 - name"/><testcase classname="b25.spartan.editor.SpartanEditorPostTest" name="POST Spartan 5 - name"/><testcase classname="b25.spartan.editor.SpartanEditorPostTest" name="POST Spartan 6 - name"/><testcase classname="b25.spartan.editor.SpartanEditorPostTest" name="POST Spartan 7 - name"/><testcase classname="b25.spartan.editor.SpartanEditorPostTest" name="POST Spartan 8 - name"/><testcase classname="b25.spartan.editor.SpartanEditorPostTest" name="POST Spartan 9 - name"/><testcase classname="b25.spartan.editor.SpartanEditorPostTest" name="POST Spartan 10 - name"/></testsuite>